<?xml version="1.0" encoding="UTF-8"?>
<!-- Generated by org.testng.reporters.JUnitXMLReporter -->
<testsuite hostname="DESKTOP-2A7S6QF" ignored="0" name="example.tests" tests="2" failures="0" timestamp="30 Oct 2020 17:49:55 GMT" time="6.352" errors="0">
  <testcase name="run_in_multiple_browsers" time="0.009" classname="com.example2.tests.MultipleBrowserTest"/>
  <testcase name="test_google_dot_com" time="1.529" classname="com.example2.tests.FirstSeleniumTestNGTest"/>
</testsuite> <!-- example.tests -->
